<?xml version="1.0" encoding="UTF-8"?>
<!-- Generated by org.testng.reporters.JUnitReportReporter -->
<testsuite skipped="0" hostname="WIN-QAG77A5HB8M" name="com.qa.tests.ScenarioTwo" tests="1" failures="0" timestamp="2022-03-29T11:29:37 IST" time="22.696" errors="0">
  <testcase name="verifyAddingAndRemovingOptionsFromCartAndCheckout" time="22.696" classname="com.qa.tests.ScenarioTwo"/>
  <system-out/>
</testsuite> <!-- com.qa.tests.ScenarioTwo -->
