<?xml version="1.0" encoding="UTF-8"?>
<!-- Generated by org.testng.reporters.JUnitReportReporter -->
<testsuite skipped="0" hostname="WIN-QAG77A5HB8M" name="com.qa.tests.ScenarioOne" tests="1" failures="0" timestamp="2022-03-29T11:29:37 IST" time="18.752" errors="0">
  <testcase name="verifyAddingOptionToCartAndCheckout" time="18.752" classname="com.qa.tests.ScenarioOne"/>
  <system-out/>
</testsuite> <!-- com.qa.tests.ScenarioOne -->
